<?xml version="1.0" encoding="UTF-8"?>
<testng-results ignored="0" total="1" passed="1" failed="0" skipped="0">
  <reporter-output>
  </reporter-output>
  <suite started-at="2022-12-14T06:07:46 EST" name="Default suite" finished-at="2022-12-14T06:07:46 EST" duration-ms="77">
    <groups>
    </groups>
    <test started-at="2022-12-14T06:07:46 EST" name="Default test" finished-at="2022-12-14T06:07:46 EST" duration-ms="77">
      <class name="demoProject.Demoproject.tester1">
        <test-method signature="demo1()[pri:0, instance:demoProject.Demoproject.tester1@7c1e2a9e]" started-at="2022-12-14T06:07:46 EST" name="demo1" finished-at="2022-12-14T06:07:46 EST" duration-ms="14" status="PASS">
          <reporter-output>
          </reporter-output>
        </test-method> <!-- demo1 -->
      </class> <!-- demoProject.Demoproject.tester1 -->
    </test> <!-- Default test -->
  </suite> <!-- Default suite -->
</testng-results>
